Flow report for binary_decimal_converter
Thu Oct 15 12:41:25 2020
Quartus Prime Version 20.1.0 Build 711 06/05/2020 SJ Standard Edition


---------------------
; Table of Contents ;
---------------------
  1. Legal Notice
  2. Flow Summary
  3. Flow Settings
  4. Flow Non-Default Global Settings
  5. Flow Elapsed Time
  6. Flow OS Summary
  7. Flow Log
  8. Flow Messages
  9. Flow Suppressed Messages



----------------
; Legal Notice ;
----------------
Copyright (C) 2020  Intel Corporation. All rights reserved.
Your use of Intel Corporation's design tools, logic functions 
and other software and tools, and any partner logic 
functions, and any output files from any of the foregoing 
(including device programming or simulation files), and any 
associated documentation or information are expressly subject 
to the terms and conditions of the Intel Program License 
Subscription Agreement, the Intel Quartus Prime License Agreement,
the Intel FPGA IP License Agreement, or other applicable license
agreement, including, without limitation, that your use is for
the sole purpose of programming logic devices manufactured by
Intel and sold by Intel or its authorized distributors.  Please
refer to the applicable agreement for further details, at
https://fpgasoftware.intel.com/eula.



+--------------------------------------------------------------------------------------+
; Flow Summary                                                                         ;
+------------------------------------+-------------------------------------------------+
; Flow Status                        ; Successful - Thu Oct 15 12:41:19 2020           ;
; Quartus Prime Version              ; 20.1.0 Build 711 06/05/2020 SJ Standard Edition ;
; Revision Name                      ; binary_decimal_converter                        ;
; Top-level Entity Name              ; binary_decimal_converter                        ;
; Family                             ; Cyclone IV E                                    ;
; Total logic elements               ; 5 / 6,272 ( < 1 % )                             ;
;     Total combinational functions  ; 5 / 6,272 ( < 1 % )                             ;
;     Dedicated logic registers      ; 0 / 6,272 ( 0 % )                               ;
; Total registers                    ; 0                                               ;
; Total pins                         ; 13 / 92 ( 14 % )                                ;
; Total virtual pins                 ; 0                                               ;
; Total memory bits                  ; 0 / 276,480 ( 0 % )                             ;
; Embedded Multiplier 9-bit elements ; 0 / 30 ( 0 % )                                  ;
; Total PLLs                         ; 0 / 2 ( 0 % )                                   ;
; Device                             ; EP4CE6E22C6                                     ;
; Timing Models                      ; Final                                           ;
+------------------------------------+-------------------------------------------------+


+----------------------------------------------+
; Flow Settings                                ;
+-------------------+--------------------------+
; Option            ; Setting                  ;
+-------------------+--------------------------+
; Start date & time ; 10/15/2020 12:40:43      ;
; Main task         ; Compilation              ;
; Revision Name     ; binary_decimal_converter ;
+-------------------+--------------------------+


+-------------------------------------------------------------------------------------------------------------------------+
; Flow Non-Default Global Settings                                                                                        ;
+-------------------------------------+----------------------------------------+---------------+-------------+------------+
; Assignment Name                     ; Value                                  ; Default Value ; Entity Name ; Section Id ;
+-------------------------------------+----------------------------------------+---------------+-------------+------------+
; COMPILER_SIGNATURE_ID               ; 345050407753.160278364309632           ; --            ; --          ; --         ;
; PARTITION_COLOR                     ; -- (Not supported for targeted family) ; --            ; --          ; Top        ;
; PARTITION_FITTER_PRESERVATION_LEVEL ; -- (Not supported for targeted family) ; --            ; --          ; Top        ;
; PARTITION_NETLIST_TYPE              ; -- (Not supported for targeted family) ; --            ; --          ; Top        ;
; PROJECT_OUTPUT_DIRECTORY            ; output_files                           ; --            ; --          ; --         ;
+-------------------------------------+----------------------------------------+---------------+-------------+------------+


+--------------------------------------------------------------------------------------------------------------------------+
; Flow Elapsed Time                                                                                                        ;
+----------------------+--------------+-------------------------+---------------------+------------------------------------+
; Module Name          ; Elapsed Time ; Average Processors Used ; Peak Virtual Memory ; Total CPU Time (on all processors) ;
+----------------------+--------------+-------------------------+---------------------+------------------------------------+
; Analysis & Synthesis ; 00:00:23     ; 1.0                     ; 4731 MB             ; 00:00:30                           ;
; Fitter               ; 00:00:08     ; 1.0                     ; 5261 MB             ; 00:00:07                           ;
; Assembler            ; 00:00:01     ; 1.0                     ; 4691 MB             ; 00:00:01                           ;
; Timing Analyzer      ; 00:00:04     ; 1.0                     ; 4763 MB             ; 00:00:02                           ;
; Total                ; 00:00:36     ; --                      ; --                  ; 00:00:40                           ;
+----------------------+--------------+-------------------------+---------------------+------------------------------------+


+------------------------------------------------------------------------------------+
; Flow OS Summary                                                                    ;
+----------------------+------------------+------------+------------+----------------+
; Module Name          ; Machine Hostname ; OS Name    ; OS Version ; Processor type ;
+----------------------+------------------+------------+------------+----------------+
; Analysis & Synthesis ; winlab-cpre-42   ; Windows 10 ; 10.0       ; x86_64         ;
; Fitter               ; winlab-cpre-42   ; Windows 10 ; 10.0       ; x86_64         ;
; Assembler            ; winlab-cpre-42   ; Windows 10 ; 10.0       ; x86_64         ;
; Timing Analyzer      ; winlab-cpre-42   ; Windows 10 ; 10.0       ; x86_64         ;
+----------------------+------------------+------------+------------+----------------+


------------
; Flow Log ;
------------
quartus_map --read_settings_files=on --write_settings_files=off binary_decimal_converter -c binary_decimal_converter
quartus_fit --read_settings_files=off --write_settings_files=off binary_decimal_converter -c binary_decimal_converter
quartus_asm --read_settings_files=off --write_settings_files=off binary_decimal_converter -c binary_decimal_converter
quartus_sta binary_decimal_converter -c binary_decimal_converter



